participated,439
1960,category:buildings
editors,democratic
seems,poster
low,brief
invalid_key_192 not found
moving,original
real,notify
private,footnotes
children,death_date
materials,musicians
information,other_information
years,built
invalid_key_150 not found
vfd,black
remaining,popular
other_information,directors
eastern,changing
programming,still
software,ryan
invalid_key_88 not found
02,migration
bell,guardian
associated,naval
invalid_key_74 not found
young,inside
mostly,today
invalid_key_185 not found
none,specific
unreferenced,entire
has,an,62,175,782
to,21,6,193
color,s,432
world,february
website,2,219,996
when,utc,378,386,785
br,2005
many,please
may,this,83,222,378,556,738
author,cite
states,3
23,at,685
death,used
world,is,528,591,648,858
name,were,337,599,844
2006,stub
when,all
oldid,name,170,614,855
these,some
on,so,421,509,778
center,17
color,year
other,after,70,344
28,after
2,has,209,305,522,526,676,871,999
university,made
16,user,398,464,675
external,august
26,the,28,251,394,559
than,ref
2,birth,193
in,utc,46,110,268,514,704,708,834
20,please
2008,university,62
article,index.php,598
stub,any
publisher,august
that,have,226,490,637,703,992
over,nbsp
2008,21
time,1
is,work,199
over,10,317
do,march
25,these,48
21,publisher,16
01,0
2005,new,847
any,when,687
after,by,693,750,826
date,who,531,663,706,759
class,news
it,or,135,274,486,877,884,911
this,their,234,498
february,you
span,edit
this,links,242,388,735
w,two
4,reflist,656
29,most
death,january
group,ltd
straight,score
trade,hours
already,district
computer,science
title,doesn't
late,evening
happened,tokyo
1919,considered
paper,step
language,estate
1940,present
invalid_key_168 not found
applications,i.e
invalid_key_134 not found
invalid_key_44 not found
translation,basic
2009,48
chief,his
lt,significantly
invalid_key_199 not found
valign,improved
wikidomain,apr
defence,topics
later,history,291
inside,04
find,edit
conference,conference,78,261,835
divisions,645
previously,in,321,393
miles,pages
2000,doc
add,foundation
invalid_key_65 not found
border,share
image_map,reach
mayor,artist
copyright,iv
pp,1954
health,read
successor,q
table,mail
identified,20px
invalid_key_177 not found
consider,action,710
episodenumber,formed
invalid_key_163 not found
keep,u
citations,body
1em,1954
design,hour
launched,leading
1977,none
i'm,coibot
importance,allow
fb,hockey
n,failed
spouse,electronic
invalid_key_93 not found
teams,episodes
unsigned,examples
good,held
death,captured
3rd,francis
establish,argument
stay,subdivision_type2
hundred,refers
brother,1955
mail,towns
pa,again
year,up
commander,role
brian,centre
allows,academic
territory,long
caused,hip
2005,clark
allows,take
police,bad
news.bbc.co.uk,famous
cities,index.php
40,what
originally,published
concern,hong
cemetery,scott
otherlinks,municipalities
moscow,col
transferred,proper
invalid_key_91 not found
news,directors
will,noinclude
soccer,traffic
71,paper
invalid_key_87 not found
distributor,accessdate
parish,sortname
invalid_key_52 not found
future,sign
programming,co
attended,communist
invalid_key_64 not found
taken,feel
com,bar
specified,physical
english,arizona
invalid_key_56 not found
1944,product
pg,probably
production,retired
switzerland,category
church,step
ray,wikiproject
nothing,literary
italy,board
close,1904
increased,grant
cover,corps
medal,escape
survey,granted
eyes,quickly
days,coordinates_display
forms,just
junior,brand
silver,undoafter
20th,ger
afd,becoming
painting,hope
http,new,201,323,364,625,889,958
well,that's
country,urlencode
invalid_key_24 not found
spring,bad
trying,soul
prize,08
george,found
license,1990s
room,1977
january,metadata,277,433
office,legal
invalid_key_197 not found
zh,span
links,something
1998,produced
beginning,opening
per,jersey
fox,old
personnel,ross
me,figure
92,area_magnitude
good,quite
invalid_key_84 not found
area_code,rationale
invalid_key_134 not found
taking,famous
invalid_key_126 not found
focus,relationship
58,wikitable
french,by,201,300,944
category:villages,101
douglas,image_flag
movie,executive
found,taylor
meaning,nom
invalid_key_182 not found
shared,human
safety,mf
county,personal
related,template
vol,sep
programme,re
net,references
copyright,few
principal,preserved
doi,personnel
henry,institution
1999,exchange
try,reported
characters,site
results,write
was,scotland,127
phylum,failed
protected,fictional
korea,greatest
timestamp,versions
commonly,minnesota
car,lead
alt,knowledge
invalid_key_158 not found
cellspacing,federation
stay,geo
please,mike
vs,application
am,proposal
weekly,presence
significant,movement
5th,ward
personal,existing
plans,logline
aug,accessed
invalid_key_63 not found
color,to,23,192,347,564
street,archivedate
black,ratio
winter,88
blockquote,08
register,do
last1,they
update,therefore
suggested,proposal
pp,ordered
info,14
obvious,1990
invalid_key_132 not found
sciences,32
according,complete
alliance,4
invalid_key_4 not found
id,fr
world's,dynasty
we,source
white,adopted
request,super
postal_code_type,sorry
1931,wars
average,comics
must,phylum
invalid_key_61 not found
these,padding
150,particular
risk,98
33,70
updated,operating
information,companies
classis,fred
age,caused
invalid_key_13 not found
king,archived
dr,coordinates
invalid_key_36 not found
unless,agreement
for,permanent
particularly,doi
invalid_key_1 not found
invalid_key_135 not found
64,cars
jan,january
entirely,agreement
span,canadian
therefore,northern
roy,mode
invalid_key_120 not found
worldwide,fair
throughout,up
r,agency
looking,chemical
larger,educated
facts,nick
population_total,parties
referred,copies
arts,unknown
countries,fellow
minnesota,sep
graduated,e
former,postal_code
quite,are
regional,texas
blood,coming
makes,best
respect,username
victory,citation
broadcasting,question
wikipedia:wikiproject,productions
challenge,possibly
known,dean
timestamp,organization
job,candidates,74
classic,google
white,melbourne
mean,other_versions
lies,comment
invalid_key_46 not found
respect,credit
naval,1906
invalid_key_59 not found
16,pg,876
senior,meeting
1960,blank_info
invalid_key_83 not found
attention,caption
order,station
15,set
type,true
meaning,board
high,products
78,poet
invalid_key_95 not found
champions,lt
combat,nowiki
season,airport
sup,caption
invalid_key_54 not found
lived,powerful
mode,section
study,allowing
baron,description
based,communist
no,act
animal,picture
atlantic,es
volume,revolution
worked,pilot
came,houston
wood,shortly
sort,species
civil,about
invalid_key_145 not found
named,cut
do,83
appointed,selection
critics,comes
steel,applications
lyrics,anne
invalid_key_42 not found
respect,credit
boilerplate,image_seal
singles,station
elizabeth,virginia
completely,project
invalid_key_73 not found
care,bands
longm,1948
know,moved
span,staff
invalid_key_177 not found
invalid_key_121 not found
quickly,directed
high,acting
web,programs
official,1943
attempted,language
signature,pittsburgh
larger,harry
notice,feet,277
marriage,rules
linksummary,rare
station,musical
rights,first
catholic,gain
books.google.com,221,222,502
damage,corps
cast,longer
western,series,190
largest,reserve
douglas,books
key,gave
off,b,208
kill,shared
not,rank,298
jason,several
provinces,social
via,concerns
displayed,comic
tennis,novel
indian,decided
writing,theory
zone,championships
version,race
interior,stated
toward,1924
room,credit
murder,structures
rise,parents
1969,ei
subdivision_type1,can
features,camp
study,80
archived,painting
started,blue
victory,ordo
somewhat,ny
blank_info,types
canadian,200
lost,31,1
image,roman,831
family,referred,723
of,ja,87,960
gas,infobox,658
result,nothing,288
ms,infobox
ex,with,188
diff,religious,368
uk,in,66
actor,made,589
mi,valley
holy,250
data,1996
online,roger
present,far
someone,101
1em,of
ms,blue
80,hope
relations,zealand
carolina,box
norman,credit
brought,step
invalid_key_131 not found
names,weeks
memory,everything
1950,olympics
headquarters,ask
july,dr
political,corporation
09,goes
1996,ministry
wpreason,initially
theatre,php
ok,articles
true,ryan
launch,materials
double,47
died,born
invalid_key_93 not found
references,native_name
action,electoral
who,weapons
refer,seems
music,christian
sorting,13
allows,definition
determined,library,817
complete,bin
companies,parks
queen,brought
incorporated,price
sign,base
begin,delete
album,institution
invalid_key_45 not found
invalid_key_111 not found
drums,ii
y,mean
residence,1861
organized,communist
january,archived
invalid_key_38 not found
secret,potential
inclusion,departments
invalid_key_66 not found
type,airport
political,42
mdash,ken
resulting,against
nbsp,card
paid,back
references,death
national,24,605
this,but,234,480,555
0,have,912
most,category
29,first,657
date,october
23,being
oldid,who,907
january,april
utc,he,519
oldid,when
other,web,464
url,http,625,683,779,895,940
9,20
city,01
wouldn't,get
logs,establish
hip,tools
cultural,established_title
lawrence,1em
cast,1900
svg,whom
groups,hills
color:red,sa
schools,lieutenant
invalid_key_61 not found
1990,months
invalid_key_125 not found
task,brazil
blue,2008
evening,url
thumb,virginia
some,orders
choose,choice
mike,doesn't
invalid_key_193 not found
invalid_key_17 not found
miss,events
pay,farm
debate,of,28,718,829,980
armed,happy
cannot,ice
lists,cite
feet,how
team2,groups
logline,wikipedia:articles
1990,count
stone,picture
religious,key
2,nov,522
html,green
martin,signature
producer,wants
knowledge,interesting
fails,individuals
al,of,33,762
overlaps,well
2006,winter
assembly,code
such,election
coast,ask
regiment,1971
matches,sport
pl,affairs
extensive,combat
writing,officials
greater,sweden
when,report
earth,united
marie,scale
woman,priority
released,special
turned,economy
2003,time
into,obvious
lane,market
jackson,sales
for,hold
see,title,26,130,429,523,571,776,798
caption,pilot
the,the,5,8,10,13,17,22,23,27,28,33,35,37,46,52,55,59,61,65,77,92,102,109,118,127,128,142,153,156,157,166,172,173,177,183,184,188,194,198,204,210,213,226,229,231,232,239,248,251,254,256,261,262,264,272,273,274,276,284,293,295,301,302,303,308,309,310,311,317,332,334,342,344,346,347,350,352,354,360,361,363,364,372,374,375,376,387,394,395,398,399,401,404,406,411,416,422,423,426,428,433,436,446,449,453,461,468,469,481,484,495,501,502,503,506,512,514,522,531,536,537,541,544,545,549,553,554,559,560,564,569,571,582,585,588,600,604,615,617,619,620,633,642,649,666,673,691,696,700,702,704,706,714,717,722,730,741,743,746,748,750,752,755,760,761,763,781,784,792,795,796,797,801,808,809,810,813,816,833,835,838,839,849,851,857,860,862,868,870,875,877,894,895,900,904,906,907,913,923,924,934,936,938,957,959,964,973,982,994,996,997
division,1927
2004,1906
otherwise,learning,213
only,news
neither,next
invalid_key_85 not found
germany,disambiguation
former,italy
gives,future
greek,facts
infobox,up,40,984
wall,also
bird,nihongo
invalid_key_8 not found
ring,government_footnotes
per,div,101
gave,the,813
work,2010,578
wikipedia:signatures,classical
it's,santa
had,1955,942
gallery,mention
right,resulted
even,two
zone,electric
90,six
metropolitan,canadian
deep,regions
days,1967
financial,accept
step,1967
pd,notify
first2,weapons
have,occupation
andy,goals
team2,already
painting,longs
1906,china
going,value
invalid_key_45 not found
pilot,other_versions
iii,tl
significant,66
frank,host
stats,tl
1st,after
covers,image_map
will,32
aircraft,approach
invalid_key_78 not found
united,resolved
target,fact
divided,34
citation,read
scott,collapsed
there's,motion
featured,g
invalid_key_37 not found
3,aaa
inclusion,ordo
lived,lives
ratings,coming
continue,strong
fast,featuring
invalid_key_100 not found
status,some
goals1,lawrence
06,goes
settlement,between
electronic,g
1923,06
noted,criticism
uses,na
before,already
municipal,kind
et,poor
shared,made
invalid_key_21 not found
attempt,nor
v,real
proper,loan
piece,remaining
1923,average
criteria,1917
65,sa
wanted,boy
rcid,fiction
changes,joe
dan,enemy
council,loan
svg,who
improve,cost
was,phil
01,subdivision_name1
launched,basic
nbsp,except
group,saint
referred,growth
invalid_key_82 not found
age,want
perhaps,basic
poor,pl
remains,92
rev,awards
also,also,13,17,30,33,36,44,59,61,65,98,124,125,152,195,220,248,260,337,361,365,370,372,385,429,453,479,500,528,558,586,587,626,634,639,663,674,707,765,784,827,847,851,877,950,957,984,998
soul,officials
every,academic
position,mention
invalid_key_134 not found
singing,allowed
sixth,greek
invalid_key_42 not found
global,search
diff,positions
moving,url
population_footnotes,whom
magazine,42
invalid_key_25 not found
invalid_key_118 not found
song,districts
determined,philip
possibly,moore
invalid_key_45 not found
64,norman
subdivision_type3,plus
revolution,removed
domain,low
room,possible
lyrics,stations
sources,1983
screen,foundation
invalid_key_164 not found
invalid_key_131 not found
certainly,questions
1925,legislative
agreed,1948
illinois,63
wikitable,leaders
64,template:afd
facilities,australia
john,laws
theatre,soul
norman,son
anyone,christopher
oct,be
already,subdivision_name2
1981,1px
graduated,pierre
invalid_key_70 not found
why,northern
estimated,check
alt,opinion
files,major
votes,derived
february,key
1901,studied
schools,architecture
assigned,scientific
eventually,heard
min,baron
university,share
align:center,end
20th,cars
problem,follows
chemical,0
created,released
operating,energy
category:buildings,ken
xfd,lived
fans,jul
1917,1927,466
rating,failed
opened,norman
someone,gene
food,paris
derived,contemporary
stage,1926
clear,administration
facilities,weeks
issued,operating
baby,raised
relatively,display
organized,elevation_footnotes
z,rules
received,documents
5th,subdivision_name2
coiflag,user
aug,he
1960s,similar
invalid_key_73 not found
guitar,planning
120,species
finding,reading
forward,73
productions,jun
07,20
63,member
newspaper,1989
genus,web
why,ul
pretty,diego
templates,as,483
recorded,story,950
website,church,994
article,book,143
fourth,at,453
comment,1934
see,title,26,130,429,523,571,776,798
79,immediately
invalid_key_13 not found
largest,oldest
f3f9ff,serve
pg,1915
certainly,term
timezone_dst,logo
song,economic
always,double
then,en.wikipedia.org,225,755
bgcolor,only
young,inc
41,clearly
3,66
back,actual
awarded,permission
victory,women
anthony,other_name
presented,preceding
chart,found
prevent,land
invalid_key_130 not found
tracks,police
because,pictures
invalid_key_92 not found
brand,workers
meaning,250px
blues,was
afc,wayne,65
42,pittsburgh
playing,boat
2005,soccer,666
selection,design
cat,caption
stock,ron
nice,day
aaaaaa,code
this,title,26,498,523,556,746,839
traffic,voivodeship,594
